Build started 10/13/2013 9:29:08 PM.
     1>Project "c:\Users\michael weyman\documents\visual studio 2010\Projects\BeCaMaze\BeCaMaze\BeCaMaze.vcxproj" on node 2 (build target(s)).
     1>InitializeBuildStatus:
         Creating "Debug\BeCaMaze.unsuccessfulbuild" because "AlwaysCreate" was specified.
       ClCompile:
         c:\Program Files (x86)\Microsoft Visual Studio 10.0\VC\bin\CL.exe /c /ZI /nologo /W3 /WX- /Od /Oy- /D WIN32 /D _DEBUG /D _CONSOLE /D _UNICODE /D UNICODE /Gm /EHsc /RTC1 /MDd /GS /fp:precise /Zc:wchar_t /Zc:forScope /Fo"Debug\\" /Fd"Debug\vc100.pdb" /Gd /TP /analyze- /errorReport:prompt BeCaMaze.cpp
         BeCaMaze.cpp
       ManifestResourceCompile:
         All outputs are up-to-date.
       Link:
         c:\Program Files (x86)\Microsoft Visual Studio 10.0\VC\bin\link.exe /ERRORREPORT:PROMPT /OUT:"c:\users\michael weyman\documents\visual studio 2010\Projects\BeCaMaze\Debug\BeCaMaze.exe" /INCREMENTAL /NOLOGO kernel32.lib user32.lib gdi32.lib winspool.lib comdlg32.lib advapi32.lib shell32.lib ole32.lib oleaut32.lib uuid.lib odbc32.lib odbccp32.lib /MANIFEST /ManifestFile:"Debug\BeCaMaze.exe.intermediate.manifest" /MANIFESTUAC:"level='asInvoker' uiAccess='false'" /DEBUG /PDB:"c:\users\michael weyman\documents\visual studio 2010\Projects\BeCaMaze\Debug\BeCaMaze.pdb" /SUBSYSTEM:CONSOLE /TLBID:1 /DYNAMICBASE /NXCOMPAT /IMPLIB:"c:\users\michael weyman\documents\visual studio 2010\Projects\BeCaMaze\Debug\BeCaMaze.lib" /MACHINE:X86 Debug\BeCaMaze.exe.embed.manifest.res
         Debug\BeCaMaze.obj
         Debug\Cell.obj
       Manifest:
         C:\Program Files (x86)\Microsoft SDKs\Windows\v7.0A\bin\mt.exe /nologo /verbose /out:"Debug\BeCaMaze.exe.embed.manifest" /manifest Debug\BeCaMaze.exe.intermediate.manifest
         All outputs are up-to-date.
       LinkEmbedManifest:
         All outputs are up-to-date.
         BeCaMaze.vcxproj -> c:\users\michael weyman\documents\visual studio 2010\Projects\BeCaMaze\Debug\BeCaMaze.exe
       FinalizeBuildStatus:
         Deleting file "Debug\BeCaMaze.unsuccessfulbuild".
         Touching "Debug\BeCaMaze.lastbuildstate".
     1>Done Building Project "c:\Users\michael weyman\documents\visual studio 2010\Projects\BeCaMaze\BeCaMaze\BeCaMaze.vcxproj" (build target(s)).

Build succeeded.

Time Elapsed 00:00:01.10
